<?xml version="1.0" encoding="UTF-8"?>
<testsuite xmlns:xsi="http://www.w3.org/2001/XMLSchema-instance" xsi:noNamespaceSchemaLocation="https://maven.apache.org/surefire/maven-surefire-plugin/xsd/surefire-test-report-3.0.xsd" version="3.0" name="io.github.yilengyao.javacnn.JavaCnnApplicationTests" time="1.399" tests="1" errors="0" skipped="0" failures="0">
  <properties>
    <property name="java.specification.version" value="17"/>
    <property name="sun.jnu.encoding" value="UTF-8"/>
    <property name="java.class.path" value="/Users/yilengyao/Documents/Java-CNN/CNN-Application/target/test-classes:/Users/yilengyao/Documents/Java-CNN/CNN-Application/target/classes:/Users/yilengyao/.m2/repository/org/springframework/boot/spring-boot-starter-webflux/3.2.6/spring-boot-starter-webflux-3.2.6.jar:/Users/yilengyao/.m2/repository/org/springframework/boot/spring-boot-starter/3.2.6/spring-boot-starter-3.2.6.jar:/Users/yilengyao/.m2/repository/org/springframework/boot/spring-boot/3.2.6/spring-boot-3.2.6.jar:/Users/yilengyao/.m2/repository/org/springframework/spring-context/6.1.8/spring-context-6.1.8.jar:/Users/yilengyao/.m2/repository/org/springframework/spring-aop/6.1.8/spring-aop-6.1.8.jar:/Users/yilengyao/.m2/repository/org/springframework/spring-expression/6.1.8/spring-expression-6.1.8.jar:/Users/yilengyao/.m2/repository/org/springframework/boot/spring-boot-autoconfigure/3.2.6/spring-boot-autoconfigure-3.2.6.jar:/Users/yilengyao/.m2/repository/org/springframework/boot/spring-boot-starter-logging/3.2.6/spring-boot-starter-logging-3.2.6.jar:/Users/yilengyao/.m2/repository/ch/qos/logback/logback-classic/1.4.14/logback-classic-1.4.14.jar:/Users/yilengyao/.m2/repository/ch/qos/logback/logback-core/1.4.14/logback-core-1.4.14.jar:/Users/yilengyao/.m2/repository/org/apache/logging/log4j/log4j-to-slf4j/2.21.1/log4j-to-slf4j-2.21.1.jar:/Users/yilengyao/.m2/repository/org/apache/logging/log4j/log4j-api/2.21.1/log4j-api-2.21.1.jar:/Users/yilengyao/.m2/repository/org/slf4j/jul-to-slf4j/2.0.13/jul-to-slf4j-2.0.13.jar:/Users/yilengyao/.m2/repository/jakarta/annotation/jakarta.annotation-api/2.1.1/jakarta.annotation-api-2.1.1.jar:/Users/yilengyao/.m2/repository/org/yaml/snakeyaml/2.2/snakeyaml-2.2.jar:/Users/yilengyao/.m2/repository/org/springframework/boot/spring-boot-starter-json/3.2.6/spring-boot-starter-json-3.2.6.jar:/Users/yilengyao/.m2/repository/com/fasterxml/jackson/core/jackson-databind/2.15.4/jackson-databind-2.15.4.jar:/Users/yilengyao/.m2/repository/com/fasterxml/jackson/core/jackson-annotations/2.15.4/jackson-annotations-2.15.4.jar:/Users/yilengyao/.m2/repository/com/fasterxml/jackson/core/jackson-core/2.15.4/jackson-core-2.15.4.jar:/Users/yilengyao/.m2/repository/com/fasterxml/jackson/datatype/jackson-datatype-jdk8/2.15.4/jackson-datatype-jdk8-2.15.4.jar:/Users/yilengyao/.m2/repository/com/fasterxml/jackson/datatype/jackson-datatype-jsr310/2.15.4/jackson-datatype-jsr310-2.15.4.jar:/Users/yilengyao/.m2/repository/com/fasterxml/jackson/module/jackson-module-parameter-names/2.15.4/jackson-module-parameter-names-2.15.4.jar:/Users/yilengyao/.m2/repository/org/springframework/boot/spring-boot-starter-reactor-netty/3.2.6/spring-boot-starter-reactor-netty-3.2.6.jar:/Users/yilengyao/.m2/repository/io/projectreactor/netty/reactor-netty-http/1.1.19/reactor-netty-http-1.1.19.jar:/Users/yilengyao/.m2/repository/io/netty/netty-codec-http/4.1.110.Final/netty-codec-http-4.1.110.Final.jar:/Users/yilengyao/.m2/repository/io/netty/netty-resolver-dns/4.1.110.Final/netty-resolver-dns-4.1.110.Final.jar:/Users/yilengyao/.m2/repository/io/netty/netty-resolver/4.1.110.Final/netty-resolver-4.1.110.Final.jar:/Users/yilengyao/.m2/repository/io/netty/netty-codec-dns/4.1.110.Final/netty-codec-dns-4.1.110.Final.jar:/Users/yilengyao/.m2/repository/io/netty/netty-resolver-dns-native-macos/4.1.110.Final/netty-resolver-dns-native-macos-4.1.110.Final-osx-x86_64.jar:/Users/yilengyao/.m2/repository/io/netty/netty-resolver-dns-classes-macos/4.1.110.Final/netty-resolver-dns-classes-macos-4.1.110.Final.jar:/Users/yilengyao/.m2/repository/io/netty/netty-transport-native-epoll/4.1.110.Final/netty-transport-native-epoll-4.1.110.Final-linux-x86_64.jar:/Users/yilengyao/.m2/repository/io/netty/netty-transport-native-unix-common/4.1.110.Final/netty-transport-native-unix-common-4.1.110.Final.jar:/Users/yilengyao/.m2/repository/io/netty/netty-transport-classes-epoll/4.1.110.Final/netty-transport-classes-epoll-4.1.110.Final.jar:/Users/yilengyao/.m2/repository/io/projectreactor/netty/reactor-netty-core/1.1.19/reactor-netty-core-1.1.19.jar:/Users/yilengyao/.m2/repository/io/netty/netty-handler-proxy/4.1.110.Final/netty-handler-proxy-4.1.110.Final.jar:/Users/yilengyao/.m2/repository/io/netty/netty-codec-socks/4.1.110.Final/netty-codec-socks-4.1.110.Final.jar:/Users/yilengyao/.m2/repository/org/springframework/spring-web/6.1.8/spring-web-6.1.8.jar:/Users/yilengyao/.m2/repository/org/springframework/spring-beans/6.1.8/spring-beans-6.1.8.jar:/Users/yilengyao/.m2/repository/io/micrometer/micrometer-observation/1.12.6/micrometer-observation-1.12.6.jar:/Users/yilengyao/.m2/repository/io/micrometer/micrometer-commons/1.12.6/micrometer-commons-1.12.6.jar:/Users/yilengyao/.m2/repository/org/springframework/spring-webflux/6.1.8/spring-webflux-6.1.8.jar:/Users/yilengyao/.m2/repository/org/springframework/ai/spring-ai-openai-spring-boot-starter/0.8.1/spring-ai-openai-spring-boot-starter-0.8.1.jar:/Users/yilengyao/.m2/repository/org/springframework/ai/spring-ai-spring-boot-autoconfigure/0.8.1/spring-ai-spring-boot-autoconfigure-0.8.1.jar:/Users/yilengyao/.m2/repository/com/google/protobuf/protobuf-java/3.25.2/protobuf-java-3.25.2.jar:/Users/yilengyao/.m2/repository/io/netty/netty-codec-http2/4.1.110.Final/netty-codec-http2-4.1.110.Final.jar:/Users/yilengyao/.m2/repository/io/netty/netty-common/4.1.110.Final/netty-common-4.1.110.Final.jar:/Users/yilengyao/.m2/repository/io/netty/netty-buffer/4.1.110.Final/netty-buffer-4.1.110.Final.jar:/Users/yilengyao/.m2/repository/io/netty/netty-transport/4.1.110.Final/netty-transport-4.1.110.Final.jar:/Users/yilengyao/.m2/repository/io/netty/netty-codec/4.1.110.Final/netty-codec-4.1.110.Final.jar:/Users/yilengyao/.m2/repository/io/netty/netty-handler/4.1.110.Final/netty-handler-4.1.110.Final.jar:/Users/yilengyao/.m2/repository/redis/clients/jedis/5.0.2/jedis-5.0.2.jar:/Users/yilengyao/.m2/repository/org/apache/commons/commons-pool2/2.12.0/commons-pool2-2.12.0.jar:/Users/yilengyao/.m2/repository/org/json/json/20231013/json-20231013.jar:/Users/yilengyao/.m2/repository/com/google/code/gson/gson/2.10.1/gson-2.10.1.jar:/Users/yilengyao/.m2/repository/org/springframework/ai/spring-ai-openai/0.8.1/spring-ai-openai-0.8.1.jar:/Users/yilengyao/.m2/repository/org/springframework/ai/spring-ai-core/0.8.1/spring-ai-core-0.8.1.jar:/Users/yilengyao/.m2/repository/io/swagger/core/v3/swagger-annotations/2.2.20/swagger-annotations-2.2.20.jar:/Users/yilengyao/.m2/repository/com/github/victools/jsonschema-module-swagger-2/4.33.1/jsonschema-module-swagger-2-4.33.1.jar:/Users/yilengyao/.m2/repository/org/springframework/cloud/spring-cloud-function-context/4.1.0/spring-cloud-function-context-4.1.0.jar:/Users/yilengyao/.m2/repository/net/jodah/typetools/0.6.2/typetools-0.6.2.jar:/Users/yilengyao/.m2/repository/org/springframework/cloud/spring-cloud-function-core/4.1.0/spring-cloud-function-core-4.1.0.jar:/Users/yilengyao/.m2/repository/org/antlr/stringtemplate/4.0.2/stringtemplate-4.0.2.jar:/Users/yilengyao/.m2/repository/org/antlr/antlr-runtime/3.3/antlr-runtime-3.3.jar:/Users/yilengyao/.m2/repository/org/antlr/antlr4-runtime/4.13.1/antlr4-runtime-4.13.1.jar:/Users/yilengyao/.m2/repository/org/springframework/spring-messaging/6.1.8/spring-messaging-6.1.8.jar:/Users/yilengyao/.m2/repository/com/knuddels/jtokkit/1.0.0/jtokkit-1.0.0.jar:/Users/yilengyao/.m2/repository/org/springframework/ai/spring-ai-retry/0.8.1/spring-ai-retry-0.8.1.jar:/Users/yilengyao/.m2/repository/org/springframework/retry/spring-retry/2.0.6/spring-retry-2.0.6.jar:/Users/yilengyao/.m2/repository/io/rest-assured/json-path/5.3.2/json-path-5.3.2.jar:/Users/yilengyao/.m2/repository/org/apache/groovy/groovy-json/4.0.21/groovy-json-4.0.21.jar:/Users/yilengyao/.m2/repository/org/apache/groovy/groovy/4.0.21/groovy-4.0.21.jar:/Users/yilengyao/.m2/repository/io/rest-assured/rest-assured-common/5.3.2/rest-assured-common-5.3.2.jar:/Users/yilengyao/.m2/repository/org/apache/commons/commons-lang3/3.13.0/commons-lang3-3.13.0.jar:/Users/yilengyao/.m2/repository/com/github/victools/jsonschema-generator/4.31.1/jsonschema-generator-4.31.1.jar:/Users/yilengyao/.m2/repository/com/fasterxml/classmate/1.6.0/classmate-1.6.0.jar:/Users/yilengyao/.m2/repository/com/github/victools/jsonschema-module-jackson/4.31.1/jsonschema-module-jackson-4.31.1.jar:/Users/yilengyao/.m2/repository/org/springframework/spring-context-support/6.1.8/spring-context-support-6.1.8.jar:/Users/yilengyao/.m2/repository/org/springframework/boot/spring-boot-starter-test/3.2.6/spring-boot-starter-test-3.2.6.jar:/Users/yilengyao/.m2/repository/org/springframework/boot/spring-boot-test/3.2.6/spring-boot-test-3.2.6.jar:/Users/yilengyao/.m2/repository/org/springframework/boot/spring-boot-test-autoconfigure/3.2.6/spring-boot-test-autoconfigure-3.2.6.jar:/Users/yilengyao/.m2/repository/com/jayway/jsonpath/json-path/2.9.0/json-path-2.9.0.jar:/Users/yilengyao/.m2/repository/org/slf4j/slf4j-api/2.0.13/slf4j-api-2.0.13.jar:/Users/yilengyao/.m2/repository/jakarta/xml/bind/jakarta.xml.bind-api/4.0.2/jakarta.xml.bind-api-4.0.2.jar:/Users/yilengyao/.m2/repository/jakarta/activation/jakarta.activation-api/2.1.3/jakarta.activation-api-2.1.3.jar:/Users/yilengyao/.m2/repository/net/minidev/json-smart/2.5.1/json-smart-2.5.1.jar:/Users/yilengyao/.m2/repository/net/minidev/accessors-smart/2.5.1/accessors-smart-2.5.1.jar:/Users/yilengyao/.m2/repository/org/ow2/asm/asm/9.6/asm-9.6.jar:/Users/yilengyao/.m2/repository/org/assertj/assertj-core/3.24.2/assertj-core-3.24.2.jar:/Users/yilengyao/.m2/repository/net/bytebuddy/byte-buddy/1.14.16/byte-buddy-1.14.16.jar:/Users/yilengyao/.m2/repository/org/awaitility/awaitility/4.2.1/awaitility-4.2.1.jar:/Users/yilengyao/.m2/repository/org/hamcrest/hamcrest/2.2/hamcrest-2.2.jar:/Users/yilengyao/.m2/repository/org/junit/jupiter/junit-jupiter/5.10.2/junit-jupiter-5.10.2.jar:/Users/yilengyao/.m2/repository/org/junit/jupiter/junit-jupiter-api/5.10.2/junit-jupiter-api-5.10.2.jar:/Users/yilengyao/.m2/repository/org/opentest4j/opentest4j/1.3.0/opentest4j-1.3.0.jar:/Users/yilengyao/.m2/repository/org/junit/platform/junit-platform-commons/1.10.2/junit-platform-commons-1.10.2.jar:/Users/yilengyao/.m2/repository/org/apiguardian/apiguardian-api/1.1.2/apiguardian-api-1.1.2.jar:/Users/yilengyao/.m2/repository/org/junit/jupiter/junit-jupiter-params/5.10.2/junit-jupiter-params-5.10.2.jar:/Users/yilengyao/.m2/repository/org/junit/jupiter/junit-jupiter-engine/5.10.2/junit-jupiter-engine-5.10.2.jar:/Users/yilengyao/.m2/repository/org/junit/platform/junit-platform-engine/1.10.2/junit-platform-engine-1.10.2.jar:/Users/yilengyao/.m2/repository/org/mockito/mockito-core/5.7.0/mockito-core-5.7.0.jar:/Users/yilengyao/.m2/repository/net/bytebuddy/byte-buddy-agent/1.14.16/byte-buddy-agent-1.14.16.jar:/Users/yilengyao/.m2/repository/org/objenesis/objenesis/3.3/objenesis-3.3.jar:/Users/yilengyao/.m2/repository/org/mockito/mockito-junit-jupiter/5.7.0/mockito-junit-jupiter-5.7.0.jar:/Users/yilengyao/.m2/repository/org/skyscreamer/jsonassert/1.5.1/jsonassert-1.5.1.jar:/Users/yilengyao/.m2/repository/com/vaadin/external/google/android-json/0.0.20131108.vaadin1/android-json-0.0.20131108.vaadin1.jar:/Users/yilengyao/.m2/repository/org/springframework/spring-core/6.1.8/spring-core-6.1.8.jar:/Users/yilengyao/.m2/repository/org/springframework/spring-jcl/6.1.8/spring-jcl-6.1.8.jar:/Users/yilengyao/.m2/repository/org/springframework/spring-test/6.1.8/spring-test-6.1.8.jar:/Users/yilengyao/.m2/repository/org/xmlunit/xmlunit-core/2.9.1/xmlunit-core-2.9.1.jar:/Users/yilengyao/.m2/repository/io/projectreactor/reactor-test/3.6.6/reactor-test-3.6.6.jar:/Users/yilengyao/.m2/repository/io/projectreactor/reactor-core/3.6.6/reactor-core-3.6.6.jar:/Users/yilengyao/.m2/repository/org/reactivestreams/reactive-streams/1.0.4/reactive-streams-1.0.4.jar:"/>
    <property name="java.vm.vendor" value="Oracle Corporation"/>
    <property name="sun.arch.data.model" value="64"/>
    <property name="java.vendor.url" value="https://java.oracle.com/"/>
    <property name="user.timezone" value="America/Vancouver"/>
    <property name="os.name" value="Mac OS X"/>
    <property name="java.vm.specification.version" value="17"/>
    <property name="sun.java.launcher" value="SUN_STANDARD"/>
    <property name="user.country" value="CA"/>
    <property name="sun.boot.library.path" value="/Library/Java/JavaVirtualMachines/jdk-17.jdk/Contents/Home/lib"/>
    <property name="sun.java.command" value="/Users/yilengyao/Documents/Java-CNN/CNN-Application/target/surefire/surefirebooter-20240527091552793_3.jar /Users/yilengyao/Documents/Java-CNN/CNN-Application/target/surefire 2024-05-27T09-15-52_748-jvmRun1 surefire-20240527091552793_1tmp surefire_0-20240527091552793_2tmp"/>
    <property name="http.nonProxyHosts" value="local|*.local|169.254/16|*.169.254/16"/>
    <property name="jdk.debug" value="release"/>
    <property name="surefire.test.class.path" value="/Users/yilengyao/Documents/Java-CNN/CNN-Application/target/test-classes:/Users/yilengyao/Documents/Java-CNN/CNN-Application/target/classes:/Users/yilengyao/.m2/repository/org/springframework/boot/spring-boot-starter-webflux/3.2.6/spring-boot-starter-webflux-3.2.6.jar:/Users/yilengyao/.m2/repository/org/springframework/boot/spring-boot-starter/3.2.6/spring-boot-starter-3.2.6.jar:/Users/yilengyao/.m2/repository/org/springframework/boot/spring-boot/3.2.6/spring-boot-3.2.6.jar:/Users/yilengyao/.m2/repository/org/springframework/spring-context/6.1.8/spring-context-6.1.8.jar:/Users/yilengyao/.m2/repository/org/springframework/spring-aop/6.1.8/spring-aop-6.1.8.jar:/Users/yilengyao/.m2/repository/org/springframework/spring-expression/6.1.8/spring-expression-6.1.8.jar:/Users/yilengyao/.m2/repository/org/springframework/boot/spring-boot-autoconfigure/3.2.6/spring-boot-autoconfigure-3.2.6.jar:/Users/yilengyao/.m2/repository/org/springframework/boot/spring-boot-starter-logging/3.2.6/spring-boot-starter-logging-3.2.6.jar:/Users/yilengyao/.m2/repository/ch/qos/logback/logback-classic/1.4.14/logback-classic-1.4.14.jar:/Users/yilengyao/.m2/repository/ch/qos/logback/logback-core/1.4.14/logback-core-1.4.14.jar:/Users/yilengyao/.m2/repository/org/apache/logging/log4j/log4j-to-slf4j/2.21.1/log4j-to-slf4j-2.21.1.jar:/Users/yilengyao/.m2/repository/org/apache/logging/log4j/log4j-api/2.21.1/log4j-api-2.21.1.jar:/Users/yilengyao/.m2/repository/org/slf4j/jul-to-slf4j/2.0.13/jul-to-slf4j-2.0.13.jar:/Users/yilengyao/.m2/repository/jakarta/annotation/jakarta.annotation-api/2.1.1/jakarta.annotation-api-2.1.1.jar:/Users/yilengyao/.m2/repository/org/yaml/snakeyaml/2.2/snakeyaml-2.2.jar:/Users/yilengyao/.m2/repository/org/springframework/boot/spring-boot-starter-json/3.2.6/spring-boot-starter-json-3.2.6.jar:/Users/yilengyao/.m2/repository/com/fasterxml/jackson/core/jackson-databind/2.15.4/jackson-databind-2.15.4.jar:/Users/yilengyao/.m2/repository/com/fasterxml/jackson/core/jackson-annotations/2.15.4/jackson-annotations-2.15.4.jar:/Users/yilengyao/.m2/repository/com/fasterxml/jackson/core/jackson-core/2.15.4/jackson-core-2.15.4.jar:/Users/yilengyao/.m2/repository/com/fasterxml/jackson/datatype/jackson-datatype-jdk8/2.15.4/jackson-datatype-jdk8-2.15.4.jar:/Users/yilengyao/.m2/repository/com/fasterxml/jackson/datatype/jackson-datatype-jsr310/2.15.4/jackson-datatype-jsr310-2.15.4.jar:/Users/yilengyao/.m2/repository/com/fasterxml/jackson/module/jackson-module-parameter-names/2.15.4/jackson-module-parameter-names-2.15.4.jar:/Users/yilengyao/.m2/repository/org/springframework/boot/spring-boot-starter-reactor-netty/3.2.6/spring-boot-starter-reactor-netty-3.2.6.jar:/Users/yilengyao/.m2/repository/io/projectreactor/netty/reactor-netty-http/1.1.19/reactor-netty-http-1.1.19.jar:/Users/yilengyao/.m2/repository/io/netty/netty-codec-http/4.1.110.Final/netty-codec-http-4.1.110.Final.jar:/Users/yilengyao/.m2/repository/io/netty/netty-resolver-dns/4.1.110.Final/netty-resolver-dns-4.1.110.Final.jar:/Users/yilengyao/.m2/repository/io/netty/netty-resolver/4.1.110.Final/netty-resolver-4.1.110.Final.jar:/Users/yilengyao/.m2/repository/io/netty/netty-codec-dns/4.1.110.Final/netty-codec-dns-4.1.110.Final.jar:/Users/yilengyao/.m2/repository/io/netty/netty-resolver-dns-native-macos/4.1.110.Final/netty-resolver-dns-native-macos-4.1.110.Final-osx-x86_64.jar:/Users/yilengyao/.m2/repository/io/netty/netty-resolver-dns-classes-macos/4.1.110.Final/netty-resolver-dns-classes-macos-4.1.110.Final.jar:/Users/yilengyao/.m2/repository/io/netty/netty-transport-native-epoll/4.1.110.Final/netty-transport-native-epoll-4.1.110.Final-linux-x86_64.jar:/Users/yilengyao/.m2/repository/io/netty/netty-transport-native-unix-common/4.1.110.Final/netty-transport-native-unix-common-4.1.110.Final.jar:/Users/yilengyao/.m2/repository/io/netty/netty-transport-classes-epoll/4.1.110.Final/netty-transport-classes-epoll-4.1.110.Final.jar:/Users/yilengyao/.m2/repository/io/projectreactor/netty/reactor-netty-core/1.1.19/reactor-netty-core-1.1.19.jar:/Users/yilengyao/.m2/repository/io/netty/netty-handler-proxy/4.1.110.Final/netty-handler-proxy-4.1.110.Final.jar:/Users/yilengyao/.m2/repository/io/netty/netty-codec-socks/4.1.110.Final/netty-codec-socks-4.1.110.Final.jar:/Users/yilengyao/.m2/repository/org/springframework/spring-web/6.1.8/spring-web-6.1.8.jar:/Users/yilengyao/.m2/repository/org/springframework/spring-beans/6.1.8/spring-beans-6.1.8.jar:/Users/yilengyao/.m2/repository/io/micrometer/micrometer-observation/1.12.6/micrometer-observation-1.12.6.jar:/Users/yilengyao/.m2/repository/io/micrometer/micrometer-commons/1.12.6/micrometer-commons-1.12.6.jar:/Users/yilengyao/.m2/repository/org/springframework/spring-webflux/6.1.8/spring-webflux-6.1.8.jar:/Users/yilengyao/.m2/repository/org/springframework/ai/spring-ai-openai-spring-boot-starter/0.8.1/spring-ai-openai-spring-boot-starter-0.8.1.jar:/Users/yilengyao/.m2/repository/org/springframework/ai/spring-ai-spring-boot-autoconfigure/0.8.1/spring-ai-spring-boot-autoconfigure-0.8.1.jar:/Users/yilengyao/.m2/repository/com/google/protobuf/protobuf-java/3.25.2/protobuf-java-3.25.2.jar:/Users/yilengyao/.m2/repository/io/netty/netty-codec-http2/4.1.110.Final/netty-codec-http2-4.1.110.Final.jar:/Users/yilengyao/.m2/repository/io/netty/netty-common/4.1.110.Final/netty-common-4.1.110.Final.jar:/Users/yilengyao/.m2/repository/io/netty/netty-buffer/4.1.110.Final/netty-buffer-4.1.110.Final.jar:/Users/yilengyao/.m2/repository/io/netty/netty-transport/4.1.110.Final/netty-transport-4.1.110.Final.jar:/Users/yilengyao/.m2/repository/io/netty/netty-codec/4.1.110.Final/netty-codec-4.1.110.Final.jar:/Users/yilengyao/.m2/repository/io/netty/netty-handler/4.1.110.Final/netty-handler-4.1.110.Final.jar:/Users/yilengyao/.m2/repository/redis/clients/jedis/5.0.2/jedis-5.0.2.jar:/Users/yilengyao/.m2/repository/org/apache/commons/commons-pool2/2.12.0/commons-pool2-2.12.0.jar:/Users/yilengyao/.m2/repository/org/json/json/20231013/json-20231013.jar:/Users/yilengyao/.m2/repository/com/google/code/gson/gson/2.10.1/gson-2.10.1.jar:/Users/yilengyao/.m2/repository/org/springframework/ai/spring-ai-openai/0.8.1/spring-ai-openai-0.8.1.jar:/Users/yilengyao/.m2/repository/org/springframework/ai/spring-ai-core/0.8.1/spring-ai-core-0.8.1.jar:/Users/yilengyao/.m2/repository/io/swagger/core/v3/swagger-annotations/2.2.20/swagger-annotations-2.2.20.jar:/Users/yilengyao/.m2/repository/com/github/victools/jsonschema-module-swagger-2/4.33.1/jsonschema-module-swagger-2-4.33.1.jar:/Users/yilengyao/.m2/repository/org/springframework/cloud/spring-cloud-function-context/4.1.0/spring-cloud-function-context-4.1.0.jar:/Users/yilengyao/.m2/repository/net/jodah/typetools/0.6.2/typetools-0.6.2.jar:/Users/yilengyao/.m2/repository/org/springframework/cloud/spring-cloud-function-core/4.1.0/spring-cloud-function-core-4.1.0.jar:/Users/yilengyao/.m2/repository/org/antlr/stringtemplate/4.0.2/stringtemplate-4.0.2.jar:/Users/yilengyao/.m2/repository/org/antlr/antlr-runtime/3.3/antlr-runtime-3.3.jar:/Users/yilengyao/.m2/repository/org/antlr/antlr4-runtime/4.13.1/antlr4-runtime-4.13.1.jar:/Users/yilengyao/.m2/repository/org/springframework/spring-messaging/6.1.8/spring-messaging-6.1.8.jar:/Users/yilengyao/.m2/repository/com/knuddels/jtokkit/1.0.0/jtokkit-1.0.0.jar:/Users/yilengyao/.m2/repository/org/springframework/ai/spring-ai-retry/0.8.1/spring-ai-retry-0.8.1.jar:/Users/yilengyao/.m2/repository/org/springframework/retry/spring-retry/2.0.6/spring-retry-2.0.6.jar:/Users/yilengyao/.m2/repository/io/rest-assured/json-path/5.3.2/json-path-5.3.2.jar:/Users/yilengyao/.m2/repository/org/apache/groovy/groovy-json/4.0.21/groovy-json-4.0.21.jar:/Users/yilengyao/.m2/repository/org/apache/groovy/groovy/4.0.21/groovy-4.0.21.jar:/Users/yilengyao/.m2/repository/io/rest-assured/rest-assured-common/5.3.2/rest-assured-common-5.3.2.jar:/Users/yilengyao/.m2/repository/org/apache/commons/commons-lang3/3.13.0/commons-lang3-3.13.0.jar:/Users/yilengyao/.m2/repository/com/github/victools/jsonschema-generator/4.31.1/jsonschema-generator-4.31.1.jar:/Users/yilengyao/.m2/repository/com/fasterxml/classmate/1.6.0/classmate-1.6.0.jar:/Users/yilengyao/.m2/repository/com/github/victools/jsonschema-module-jackson/4.31.1/jsonschema-module-jackson-4.31.1.jar:/Users/yilengyao/.m2/repository/org/springframework/spring-context-support/6.1.8/spring-context-support-6.1.8.jar:/Users/yilengyao/.m2/repository/org/springframework/boot/spring-boot-starter-test/3.2.6/spring-boot-starter-test-3.2.6.jar:/Users/yilengyao/.m2/repository/org/springframework/boot/spring-boot-test/3.2.6/spring-boot-test-3.2.6.jar:/Users/yilengyao/.m2/repository/org/springframework/boot/spring-boot-test-autoconfigure/3.2.6/spring-boot-test-autoconfigure-3.2.6.jar:/Users/yilengyao/.m2/repository/com/jayway/jsonpath/json-path/2.9.0/json-path-2.9.0.jar:/Users/yilengyao/.m2/repository/org/slf4j/slf4j-api/2.0.13/slf4j-api-2.0.13.jar:/Users/yilengyao/.m2/repository/jakarta/xml/bind/jakarta.xml.bind-api/4.0.2/jakarta.xml.bind-api-4.0.2.jar:/Users/yilengyao/.m2/repository/jakarta/activation/jakarta.activation-api/2.1.3/jakarta.activation-api-2.1.3.jar:/Users/yilengyao/.m2/repository/net/minidev/json-smart/2.5.1/json-smart-2.5.1.jar:/Users/yilengyao/.m2/repository/net/minidev/accessors-smart/2.5.1/accessors-smart-2.5.1.jar:/Users/yilengyao/.m2/repository/org/ow2/asm/asm/9.6/asm-9.6.jar:/Users/yilengyao/.m2/repository/org/assertj/assertj-core/3.24.2/assertj-core-3.24.2.jar:/Users/yilengyao/.m2/repository/net/bytebuddy/byte-buddy/1.14.16/byte-buddy-1.14.16.jar:/Users/yilengyao/.m2/repository/org/awaitility/awaitility/4.2.1/awaitility-4.2.1.jar:/Users/yilengyao/.m2/repository/org/hamcrest/hamcrest/2.2/hamcrest-2.2.jar:/Users/yilengyao/.m2/repository/org/junit/jupiter/junit-jupiter/5.10.2/junit-jupiter-5.10.2.jar:/Users/yilengyao/.m2/repository/org/junit/jupiter/junit-jupiter-api/5.10.2/junit-jupiter-api-5.10.2.jar:/Users/yilengyao/.m2/repository/org/opentest4j/opentest4j/1.3.0/opentest4j-1.3.0.jar:/Users/yilengyao/.m2/repository/org/junit/platform/junit-platform-commons/1.10.2/junit-platform-commons-1.10.2.jar:/Users/yilengyao/.m2/repository/org/apiguardian/apiguardian-api/1.1.2/apiguardian-api-1.1.2.jar:/Users/yilengyao/.m2/repository/org/junit/jupiter/junit-jupiter-params/5.10.2/junit-jupiter-params-5.10.2.jar:/Users/yilengyao/.m2/repository/org/junit/jupiter/junit-jupiter-engine/5.10.2/junit-jupiter-engine-5.10.2.jar:/Users/yilengyao/.m2/repository/org/junit/platform/junit-platform-engine/1.10.2/junit-platform-engine-1.10.2.jar:/Users/yilengyao/.m2/repository/org/mockito/mockito-core/5.7.0/mockito-core-5.7.0.jar:/Users/yilengyao/.m2/repository/net/bytebuddy/byte-buddy-agent/1.14.16/byte-buddy-agent-1.14.16.jar:/Users/yilengyao/.m2/repository/org/objenesis/objenesis/3.3/objenesis-3.3.jar:/Users/yilengyao/.m2/repository/org/mockito/mockito-junit-jupiter/5.7.0/mockito-junit-jupiter-5.7.0.jar:/Users/yilengyao/.m2/repository/org/skyscreamer/jsonassert/1.5.1/jsonassert-1.5.1.jar:/Users/yilengyao/.m2/repository/com/vaadin/external/google/android-json/0.0.20131108.vaadin1/android-json-0.0.20131108.vaadin1.jar:/Users/yilengyao/.m2/repository/org/springframework/spring-core/6.1.8/spring-core-6.1.8.jar:/Users/yilengyao/.m2/repository/org/springframework/spring-jcl/6.1.8/spring-jcl-6.1.8.jar:/Users/yilengyao/.m2/repository/org/springframework/spring-test/6.1.8/spring-test-6.1.8.jar:/Users/yilengyao/.m2/repository/org/xmlunit/xmlunit-core/2.9.1/xmlunit-core-2.9.1.jar:/Users/yilengyao/.m2/repository/io/projectreactor/reactor-test/3.6.6/reactor-test-3.6.6.jar:/Users/yilengyao/.m2/repository/io/projectreactor/reactor-core/3.6.6/reactor-core-3.6.6.jar:/Users/yilengyao/.m2/repository/org/reactivestreams/reactive-streams/1.0.4/reactive-streams-1.0.4.jar:"/>
    <property name="sun.cpu.endian" value="little"/>
    <property name="user.home" value="/Users/yilengyao"/>
    <property name="user.language" value="en"/>
    <property name="java.specification.vendor" value="Oracle Corporation"/>
    <property name="java.version.date" value="2024-01-16"/>
    <property name="java.home" value="/Library/Java/JavaVirtualMachines/jdk-17.jdk/Contents/Home"/>
    <property name="file.separator" value="/"/>
    <property name="basedir" value="/Users/yilengyao/Documents/Java-CNN/CNN-Application"/>
    <property name="java.vm.compressedOopsMode" value="Zero based"/>
    <property name="line.separator" value="&#10;"/>
    <property name="java.vm.specification.vendor" value="Oracle Corporation"/>
    <property name="java.specification.name" value="Java Platform API Specification"/>
    <property name="FILE_LOG_CHARSET" value="UTF-8"/>
    <property name="java.awt.headless" value="true"/>
    <property name="surefire.real.class.path" value="/Users/yilengyao/Documents/Java-CNN/CNN-Application/target/surefire/surefirebooter-20240527091552793_3.jar"/>
    <property name="sun.management.compiler" value="HotSpot 64-Bit Tiered Compilers"/>
    <property name="ftp.nonProxyHosts" value="local|*.local|169.254/16|*.169.254/16"/>
    <property name="java.runtime.version" value="17.0.10+11-LTS-240"/>
    <property name="user.name" value="yilengyao"/>
    <property name="path.separator" value=":"/>
    <property name="os.version" value="14.1.2"/>
    <property name="java.runtime.name" value="Java(TM) SE Runtime Environment"/>
    <property name="file.encoding" value="UTF-8"/>
    <property name="java.vm.name" value="Java HotSpot(TM) 64-Bit Server VM"/>
    <property name="localRepository" value="/Users/yilengyao/.m2/repository"/>
    <property name="java.vendor.url.bug" value="https://bugreport.java.com/bugreport/"/>
    <property name="java.io.tmpdir" value="/var/folders/cc/sggzd1g57dq2lklx6lsnzj1w0000gn/T/"/>
    <property name="java.version" value="17.0.10"/>
    <property name="user.dir" value="/Users/yilengyao/Documents/Java-CNN/CNN-Application"/>
    <property name="os.arch" value="aarch64"/>
    <property name="java.vm.specification.name" value="Java Virtual Machine Specification"/>
    <property name="PID" value="44753"/>
    <property name="CONSOLE_LOG_CHARSET" value="UTF-8"/>
    <property name="native.encoding" value="UTF-8"/>
    <property name="java.library.path" value="/Users/yilengyao/Library/Java/Extensions:/Library/Java/Extensions:/Network/Library/Java/Extensions:/System/Library/Java/Extensions:/usr/lib/java:."/>
    <property name="java.vm.info" value="mixed mode, sharing"/>
    <property name="java.vendor" value="Oracle Corporation"/>
    <property name="java.vm.version" value="17.0.10+11-LTS-240"/>
    <property name="sun.io.unicode.encoding" value="UnicodeBig"/>
    <property name="socksNonProxyHosts" value="local|*.local|169.254/16|*.169.254/16"/>
    <property name="java.class.version" value="61.0"/>
    <property name="LOGGED_APPLICATION_NAME" value="[java-cnn] "/>
  </properties>
  <testcase name="contextLoads" classname="io.github.yilengyao.javacnn.JavaCnnApplicationTests" time="0.417">
    <system-out><![CDATA[09:15:53.087 [main] INFO org.springframework.test.context.support.AnnotationConfigContextLoaderUtils -- Could not detect default configuration classes for test class [io.github.yilengyao.javacnn.JavaCnnApplicationTests]: JavaCnnApplicationTests does not declare any static, non-private, non-final, nested classes annotated with @Configuration.
09:15:53.152 [main] INFO org.springframework.boot.test.context.SpringBootTestContextBootstrapper -- Found @SpringBootConfiguration io.github.yilengyao.javacnn.JavaCnnApplication for test class io.github.yilengyao.javacnn.JavaCnnApplicationTests

  .   ____          _            __ _ _
 /\\ / ___'_ __ _ _(_)_ __  __ _ \ \ \ \
( ( )\___ | '_ | '_| | '_ \/ _` | \ \ \ \
 \\/  ___)| |_)| | | | | || (_| |  ) ) ) )
  '  |____| .__|_| |_|_| |_\__, | / / / /
 =========|_|==============|___/=/_/_/_/
 :: Spring Boot ::                (v3.2.6)

2024-05-27T09:15:53.283-07:00  WARN 44753 --- [java-cnn] [           main] ory$DuplicateJsonObjectContextCustomizer : 

Found multiple occurrences of org.json.JSONObject on the class path:

	jar:file:/Users/yilengyao/.m2/repository/org/json/json/20231013/json-20231013.jar!/org/json/JSONObject.class
	jar:file:/Users/yilengyao/.m2/repository/com/vaadin/external/google/android-json/0.0.20131108.vaadin1/android-json-0.0.20131108.vaadin1.jar!/org/json/JSONObject.class

You may wish to exclude one of them to ensure predictable runtime behavior

2024-05-27T09:15:53.291-07:00  INFO 44753 --- [java-cnn] [           main] i.g.y.javacnn.JavaCnnApplicationTests    : Starting JavaCnnApplicationTests using Java 17.0.10 with PID 44753 (started by yilengyao in /Users/yilengyao/Documents/Java-CNN/CNN-Application)
2024-05-27T09:15:53.292-07:00  INFO 44753 --- [java-cnn] [           main] i.g.y.javacnn.JavaCnnApplicationTests    : No active profile set, falling back to 1 default profile: "default"
2024-05-27T09:15:53.989-07:00  INFO 44753 --- [java-cnn] [           main] i.g.y.javacnn.JavaCnnApplicationTests    : Started JavaCnnApplicationTests in 0.785 seconds (process running for 1.164)
]]></system-out>
  </testcase>
</testsuite>